Building DAG of jobs...
Using shell: /usr/bin/bash
Provided cores: 40
Rules claiming more threads will be scaled down.
Conda environments: ignored
Job stats:
job                   count    min threads    max threads
------------------  -------  -------------  -------------
all                       1              1              1
bamCoverage               2             10             10
bowtie2                   2             20             20
callpeak                  1              1              1
fastqc                    2             10             10
filtering_unmapped        2              1              1
mark_duplicates           2              1              1
multiqc                   1              1              1
samtools_flagstat         2              1              1
samtools_index            2             10             10
samtools_sort             2             10             10
samtools_stats            2              1              1
total                    21              1             20

Select jobs to execute...

[Wed Feb  8 11:01:25 2023]
rule bowtie2:
    input: raw/CTCF_mES_input.fastq.gz, index/mm10/mm10.1.bt2, index/mm10/mm10.2.bt2, index/mm10/mm10.3.bt2, index/mm10/mm10.4.bt2, index/mm10/mm10.rev.1.bt2, index/mm10/mm10.rev.2.bt2
    output: results/mm10/mapped/CTCF_mES_input.bam
    log: logs/bowtie2/mm10/CTCF_mES_input.log
    jobid: 12
    reason: Missing output files: results/mm10/mapped/CTCF_mES_input.bam
    wildcards: genome=mm10, sample=CTCF_mES_input
    threads: 20
    resources: tmpdir=/var/tmp/pbs.185148.pbsserver

[Wed Feb  8 11:01:25 2023]
rule bowtie2:
    input: raw/CTCF_mES_chip.fastq.gz, index/mm10/mm10.1.bt2, index/mm10/mm10.2.bt2, index/mm10/mm10.3.bt2, index/mm10/mm10.4.bt2, index/mm10/mm10.rev.1.bt2, index/mm10/mm10.rev.2.bt2
    output: results/mm10/mapped/CTCF_mES_chip.bam
    log: logs/bowtie2/mm10/CTCF_mES_chip.log
    jobid: 7
    reason: Missing output files: results/mm10/mapped/CTCF_mES_chip.bam
    wildcards: genome=mm10, sample=CTCF_mES_chip
    threads: 20
    resources: tmpdir=/var/tmp/pbs.185148.pbsserver

[Wed Feb  8 11:06:38 2023]
Finished job 7.
1 of 21 steps (5%) done
Select jobs to execute...

[Wed Feb  8 11:06:38 2023]
rule fastqc:
    input: raw/CTCF_mES_chip.fastq.gz
    output: results/qc/fastqc/raw/CTCF_mES_chip.html, results/qc/fastqc/raw/CTCF_mES_chip_fastqc.zip
    log: logs/fastqc/raw/CTCF_mES_chip.log
    jobid: 1
    reason: Missing output files: results/qc/fastqc/raw/CTCF_mES_chip.html, results/qc/fastqc/raw/CTCF_mES_chip_fastqc.zip
    wildcards: sample=CTCF_mES_chip
    threads: 10
    resources: tmpdir=/var/tmp/pbs.185148.pbsserver

[Wed Feb  8 11:06:38 2023]
rule samtools_sort:
    input: results/mm10/mapped/CTCF_mES_chip.bam
    output: results/mm10/mapped/CTCF_mES_chip.sorted.bam
    log: logs/samtools_sort/mm10/CTCF_mES_chip.log
    jobid: 6
    reason: Missing output files: results/mm10/mapped/CTCF_mES_chip.sorted.bam; Input files updated by another job: results/mm10/mapped/CTCF_mES_chip.bam
    wildcards: genome=mm10, sample=CTCF_mES_chip
    threads: 10
    resources: tmpdir=/var/tmp/pbs.185148.pbsserver

[Wed Feb  8 11:07:14 2023]
Finished job 6.
2 of 21 steps (10%) done
Removing temporary output results/mm10/mapped/CTCF_mES_chip.bam.
Select jobs to execute...

[Wed Feb  8 11:07:14 2023]
rule fastqc:
    input: raw/CTCF_mES_input.fastq.gz
    output: results/qc/fastqc/raw/CTCF_mES_input.html, results/qc/fastqc/raw/CTCF_mES_input_fastqc.zip
    log: logs/fastqc/raw/CTCF_mES_input.log
    jobid: 2
    reason: Missing output files: results/qc/fastqc/raw/CTCF_mES_input.html, results/qc/fastqc/raw/CTCF_mES_input_fastqc.zip
    wildcards: sample=CTCF_mES_input
    threads: 10
    resources: tmpdir=/var/tmp/pbs.185148.pbsserver

[Wed Feb  8 11:08:18 2023]
Finished job 12.
3 of 21 steps (14%) done
Select jobs to execute...

[Wed Feb  8 11:08:18 2023]
rule filtering_unmapped:
    input: results/mm10/mapped/CTCF_mES_chip.sorted.bam
    output: results/mm10/mapped/CTCF_mES_chip.sorted.filtered.bam
    log: logs/filtering_unmapped/mm10/CTCF_mES_chip.log
    jobid: 5
    reason: Missing output files: results/mm10/mapped/CTCF_mES_chip.sorted.filtered.bam; Input files updated by another job: results/mm10/mapped/CTCF_mES_chip.sorted.bam
    wildcards: genome=mm10, sample=CTCF_mES_chip
    resources: tmpdir=/var/tmp/pbs.185148.pbsserver

[Wed Feb  8 11:08:18 2023]
rule samtools_sort:
    input: results/mm10/mapped/CTCF_mES_input.bam
    output: results/mm10/mapped/CTCF_mES_input.sorted.bam
    log: logs/samtools_sort/mm10/CTCF_mES_input.log
    jobid: 11
    reason: Missing output files: results/mm10/mapped/CTCF_mES_input.sorted.bam; Input files updated by another job: results/mm10/mapped/CTCF_mES_input.bam
    wildcards: genome=mm10, sample=CTCF_mES_input
    threads: 10
    resources: tmpdir=/var/tmp/pbs.185148.pbsserver

[Wed Feb  8 11:08:48 2023]
Finished job 1.
4 of 21 steps (19%) done
[Wed Feb  8 11:09:01 2023]
Finished job 11.
5 of 21 steps (24%) done
Removing temporary output results/mm10/mapped/CTCF_mES_input.bam.
Select jobs to execute...

[Wed Feb  8 11:09:01 2023]
rule filtering_unmapped:
    input: results/mm10/mapped/CTCF_mES_input.sorted.bam
    output: results/mm10/mapped/CTCF_mES_input.sorted.filtered.bam
    log: logs/filtering_unmapped/mm10/CTCF_mES_input.log
    jobid: 10
    reason: Missing output files: results/mm10/mapped/CTCF_mES_input.sorted.filtered.bam; Input files updated by another job: results/mm10/mapped/CTCF_mES_input.sorted.bam
    wildcards: genome=mm10, sample=CTCF_mES_input
    resources: tmpdir=/var/tmp/pbs.185148.pbsserver

[Wed Feb  8 11:09:51 2023]
Finished job 5.
6 of 21 steps (29%) done
Removing temporary output results/mm10/mapped/CTCF_mES_chip.sorted.bam.
Select jobs to execute...

[Wed Feb  8 11:09:51 2023]
rule mark_duplicates:
    input: results/mm10/mapped/CTCF_mES_chip.sorted.filtered.bam
    output: results/mm10/dedup/CTCF_mES_chip.sorted.filtered.marked.bam, results/mm10/dedup/CTCF_mES_chip.metrics.txt
    log: logs/dedup/mm10/CTCF_mES_chip.log
    jobid: 4
    reason: Missing output files: results/mm10/dedup/CTCF_mES_chip.sorted.filtered.marked.bam; Input files updated by another job: results/mm10/mapped/CTCF_mES_chip.sorted.filtered.bam
    wildcards: genome=mm10, sample=CTCF_mES_chip
    resources: tmpdir=/var/tmp/pbs.185148.pbsserver, mem_mb=1024, mem_mib=977

[Wed Feb  8 11:10:02 2023]
Finished job 2.
7 of 21 steps (33%) done
[Wed Feb  8 11:11:20 2023]
Finished job 10.
8 of 21 steps (38%) done
Removing temporary output results/mm10/mapped/CTCF_mES_input.sorted.bam.
Select jobs to execute...

[Wed Feb  8 11:11:20 2023]
rule mark_duplicates:
    input: results/mm10/mapped/CTCF_mES_input.sorted.filtered.bam
    output: results/mm10/dedup/CTCF_mES_input.sorted.filtered.marked.bam, results/mm10/dedup/CTCF_mES_input.metrics.txt
    log: logs/dedup/mm10/CTCF_mES_input.log
    jobid: 9
    reason: Missing output files: results/mm10/dedup/CTCF_mES_input.sorted.filtered.marked.bam; Input files updated by another job: results/mm10/mapped/CTCF_mES_input.sorted.filtered.bam
    wildcards: genome=mm10, sample=CTCF_mES_input
    resources: tmpdir=/var/tmp/pbs.185148.pbsserver, mem_mb=1024, mem_mib=977

[Wed Feb  8 11:13:11 2023]
Finished job 4.
9 of 21 steps (43%) done
Removing temporary output results/mm10/mapped/CTCF_mES_chip.sorted.filtered.bam.
Select jobs to execute...

[Wed Feb  8 11:13:11 2023]
rule samtools_index:
    input: results/mm10/dedup/CTCF_mES_chip.sorted.filtered.marked.bam
    output: results/mm10/dedup/CTCF_mES_chip.sorted.filtered.marked.bam.bai
    log: logs/samtools_index/mm10/CTCF_mES_chip.log
    jobid: 3
    reason: Missing output files: results/mm10/dedup/CTCF_mES_chip.sorted.filtered.marked.bam.bai; Input files updated by another job: results/mm10/dedup/CTCF_mES_chip.sorted.filtered.marked.bam
    wildcards: genome=mm10, sample=CTCF_mES_chip
    threads: 10
    resources: tmpdir=/var/tmp/pbs.185148.pbsserver

[Wed Feb  8 11:13:11 2023]
rule samtools_stats:
    input: results/mm10/dedup/CTCF_mES_chip.sorted.filtered.marked.bam
    output: results/mm10/samtools_stats/CTCF_mES_chip.txt
    log: logs/samtools_stats/mm10/CTCF_mES_chip.log
    jobid: 17
    reason: Missing output files: results/mm10/samtools_stats/CTCF_mES_chip.txt; Input files updated by another job: results/mm10/dedup/CTCF_mES_chip.sorted.filtered.marked.bam
    wildcards: genome=mm10, sample=CTCF_mES_chip
    resources: tmpdir=/var/tmp/pbs.185148.pbsserver

[Wed Feb  8 11:13:11 2023]
rule samtools_flagstat:
    input: results/mm10/dedup/CTCF_mES_chip.sorted.filtered.marked.bam
    output: results/mm10/samtools_flagstat/CTCF_mES_chip.sorted.filtered.marked.flagstat
    log: logs/samtools_flagstat/mm10/CTCF_mES_chip.log
    jobid: 15
    reason: Missing output files: results/mm10/samtools_flagstat/CTCF_mES_chip.sorted.filtered.marked.flagstat; Input files updated by another job: results/mm10/dedup/CTCF_mES_chip.sorted.filtered.marked.bam
    wildcards: genome=mm10, sample=CTCF_mES_chip
    resources: tmpdir=/var/tmp/pbs.185148.pbsserver

[Wed Feb  8 11:13:21 2023]
Finished job 3.
10 of 21 steps (48%) done
Select jobs to execute...

[Wed Feb  8 11:13:21 2023]
rule bamCoverage:
    input: results/mm10/dedup/CTCF_mES_chip.sorted.filtered.marked.bam, results/mm10/dedup/CTCF_mES_chip.sorted.filtered.marked.bam.bai
    output: results/bamCoverage/CTCF_mES_chip.bw
    log: logs/bamCoverage/CTCF_mES_chip.log
    jobid: 19
    reason: Missing output files: results/bamCoverage/CTCF_mES_chip.bw; Input files updated by another job: results/mm10/dedup/CTCF_mES_chip.sorted.filtered.marked.bam, results/mm10/dedup/CTCF_mES_chip.sorted.filtered.marked.bam.bai
    wildcards: sample=CTCF_mES_chip
    threads: 10
    resources: tmpdir=/var/tmp/pbs.185148.pbsserver

[Wed Feb  8 11:13:24 2023]
Finished job 15.
11 of 21 steps (52%) done
[Wed Feb  8 11:13:51 2023]
Finished job 17.
12 of 21 steps (57%) done
[Wed Feb  8 11:16:02 2023]
Finished job 19.
13 of 21 steps (62%) done
[Wed Feb  8 11:16:47 2023]
Finished job 9.
14 of 21 steps (67%) done
Removing temporary output results/mm10/mapped/CTCF_mES_input.sorted.filtered.bam.
Select jobs to execute...

[Wed Feb  8 11:16:47 2023]
rule samtools_index:
    input: results/mm10/dedup/CTCF_mES_input.sorted.filtered.marked.bam
    output: results/mm10/dedup/CTCF_mES_input.sorted.filtered.marked.bam.bai
    log: logs/samtools_index/mm10/CTCF_mES_input.log
    jobid: 8
    reason: Missing output files: results/mm10/dedup/CTCF_mES_input.sorted.filtered.marked.bam.bai; Input files updated by another job: results/mm10/dedup/CTCF_mES_input.sorted.filtered.marked.bam
    wildcards: genome=mm10, sample=CTCF_mES_input
    threads: 10
    resources: tmpdir=/var/tmp/pbs.185148.pbsserver

[Wed Feb  8 11:16:47 2023]
rule samtools_flagstat:
    input: results/mm10/dedup/CTCF_mES_input.sorted.filtered.marked.bam
    output: results/mm10/samtools_flagstat/CTCF_mES_input.sorted.filtered.marked.flagstat
    log: logs/samtools_flagstat/mm10/CTCF_mES_input.log
    jobid: 16
    reason: Missing output files: results/mm10/samtools_flagstat/CTCF_mES_input.sorted.filtered.marked.flagstat; Input files updated by another job: results/mm10/dedup/CTCF_mES_input.sorted.filtered.marked.bam
    wildcards: genome=mm10, sample=CTCF_mES_input
    resources: tmpdir=/var/tmp/pbs.185148.pbsserver

[Wed Feb  8 11:16:47 2023]
rule samtools_stats:
    input: results/mm10/dedup/CTCF_mES_input.sorted.filtered.marked.bam
    output: results/mm10/samtools_stats/CTCF_mES_input.txt
    log: logs/samtools_stats/mm10/CTCF_mES_input.log
    jobid: 18
    reason: Missing output files: results/mm10/samtools_stats/CTCF_mES_input.txt; Input files updated by another job: results/mm10/dedup/CTCF_mES_input.sorted.filtered.marked.bam
    wildcards: genome=mm10, sample=CTCF_mES_input
    resources: tmpdir=/var/tmp/pbs.185148.pbsserver

[Wed Feb  8 11:16:59 2023]
Finished job 8.
15 of 21 steps (71%) done
Select jobs to execute...

[Wed Feb  8 11:16:59 2023]
rule bamCoverage:
    input: results/mm10/dedup/CTCF_mES_input.sorted.filtered.marked.bam, results/mm10/dedup/CTCF_mES_input.sorted.filtered.marked.bam.bai
    output: results/bamCoverage/CTCF_mES_input.bw
    log: logs/bamCoverage/CTCF_mES_input.log
    jobid: 20
    reason: Missing output files: results/bamCoverage/CTCF_mES_input.bw; Input files updated by another job: results/mm10/dedup/CTCF_mES_input.sorted.filtered.marked.bam, results/mm10/dedup/CTCF_mES_input.sorted.filtered.marked.bam.bai
    wildcards: sample=CTCF_mES_input
    threads: 10
    resources: tmpdir=/var/tmp/pbs.185148.pbsserver


[Wed Feb  8 11:16:59 2023]
rule callpeak:
    input: results/mm10/dedup/CTCF_mES_input.sorted.filtered.marked.bam.bai, results/mm10/dedup/CTCF_mES_chip.sorted.filtered.marked.bam, results/mm10/dedup/CTCF_mES_input.sorted.filtered.marked.bam
    output: results/mm10/callpeak/CTCF_mES_peaks.xls, results/mm10/callpeak/CTCF_mES_peaks.narrowPeak, results/mm10/callpeak/CTCF_mES_summits.bed
    log: logs/macs2/mm10/callpeak_CTCF_mES.log
    jobid: 13
    reason: Missing output files: results/mm10/callpeak/CTCF_mES_peaks.narrowPeak, results/mm10/callpeak/CTCF_mES_summits.bed, results/mm10/callpeak/CTCF_mES_peaks.xls; Input files updated by another job: results/mm10/dedup/CTCF_mES_input.sorted.filtered.marked.bam, results/mm10/dedup/CTCF_mES_chip.sorted.filtered.marked.bam, results/mm10/dedup/CTCF_mES_input.sorted.filtered.marked.bam.bai
    wildcards: genome=mm10, couple=CTCF_mES
    resources: tmpdir=/var/tmp/pbs.185148.pbsserver

[Wed Feb  8 11:17:05 2023]
Finished job 16.
16 of 21 steps (76%) done
Select jobs to execute...

[Wed Feb  8 11:17:05 2023]
rule multiqc:
    input: results/mm10/samtools_flagstat/CTCF_mES_chip.sorted.filtered.marked.flagstat, results/mm10/samtools_flagstat/CTCF_mES_input.sorted.filtered.marked.flagstat
    output: results/qc/multiqc.html
    log: logs/multiqc/multiqc.log
    jobid: 14
    reason: Missing output files: results/qc/multiqc.html; Input files updated by another job: results/mm10/samtools_flagstat/CTCF_mES_chip.sorted.filtered.marked.flagstat, results/mm10/samtools_flagstat/CTCF_mES_input.sorted.filtered.marked.flagstat
    resources: tmpdir=/var/tmp/pbs.185148.pbsserver

[Wed Feb  8 11:17:09 2023]
Error in rule multiqc:
    jobid: 14
    input: results/mm10/samtools_flagstat/CTCF_mES_chip.sorted.filtered.marked.flagstat, results/mm10/samtools_flagstat/CTCF_mES_input.sorted.filtered.marked.flagstat
    output: results/qc/multiqc.html
    log: logs/multiqc/multiqc.log (check log file(s) for error details)
    conda-env: /store/EQUIPES/CHRODY/Julie/G4s/new_WT/snakemake_ChIP/.snakemake/conda/7970964ff9670b686eeed21ed4dfb933_

[Wed Feb  8 11:17:51 2023]
Finished job 18.
17 of 21 steps (81%) done
[Wed Feb  8 11:20:38 2023]
Finished job 20.
18 of 21 steps (86%) done
[Wed Feb  8 11:21:25 2023]
Finished job 13.
19 of 21 steps (90%) done
Shutting down, this might take some time.
Exiting because a job execution failed. Look above for error message
Complete log: .snakemake/log/2023-02-08T110120.067947.snakemake.log
